┌─────────┤ LEAKS LOG ├─────────┐
│ Total leaks found:          4 │
│ Total leaks size:          24 │
├───────────────────────────────┤
│ address:       0x7f8b56c02a70 │
│ size (bytes):              13 │
│ file:         get_next_line.c │
│ line:                      28 │
├───────────────────────────────┤
│ address:       0x7f8b56c02ac0 │
│ size (bytes):               4 │
│ file:         get_next_line.c │
│ line:                      28 │
├───────────────────────────────┤
│ address:       0x7f8b56c02b60 │
│ size (bytes):               6 │
│ file:         get_next_line.c │
│ line:                      28 │
├───────────────────────────────┤
│ address:       0x7f8b56c02ba0 │
│ size (bytes):               1 │
│ file:         get_next_line.c │
│ line:                      85 │
└───────────────────────────────┘└───────────────────────────────┘